Using pre-set license
Built from '2020.3/staging' branch; Version is '2020.3.8f1 (507919d4fff5) revision 5273881'; Using compiler version '192528614'; Build Type 'Release'
OS: 'Windows 10 Home; OS build 19041.985; Version 2004; 64bit' Language: 'en' Physical Memory: 16313 MB
BatchMode: 1, IsHumanControllingUs: 0, StartBugReporterOnCrash: 0, Is64bit: 1, IsPro: 0

 COMMAND LINE ARGUMENTS:
C:\Program Files\Unity\Hub\Editor\2020.3.8f1\Editor\Unity.exe
-adb2
-batchMode
-noUpm
-name
AssetImportWorker0
-projectPath
D:/Summer2021Games/Project2/MobileGame
-logFile
Logs/AssetImportWorker0.log
-srvPort
53523
Successfully changed project path to: D:/Summer2021Games/Project2/MobileGame
D:/Summer2021Games/Project2/MobileGame
Using Asset Import Pipeline V2.
Refreshing native plugins compatible for Editor in 20.96 ms, found 0 plugins.
Preloading 0 native plugins for Editor in 0.00 ms.
Initialize engine version: 2020.3.8f1 (507919d4fff5)
[Subsystems] Discovering subsystems at path C:/Program Files/Unity/Hub/Editor/2020.3.8f1/Editor/Data/Resources/UnitySubsystems
[Subsystems] Discovering subsystems at path D:/Summer2021Games/Project2/MobileGame/Assets
GfxDevice: creating device client; threaded=0
Direct3D:
    Version:  Direct3D 11.0 [level 11.1]
    Renderer: NVIDIA GeForce RTX 2070 (ID=0x1f02)
    Vendor:   
    VRAM:     8031 MB
    Driver:   27.21.14.6647
Initialize mono
Mono path[0] = 'C:/Program Files/Unity/Hub/Editor/2020.3.8f1/Editor/Data/Managed'
Mono path[1] = 'C:/Program Files/Unity/Hub/Editor/2020.3.8f1/Editor/Data/MonoBleedingEdge/lib/mono/unityjit'
Mono config path = 'C:/Program Files/Unity/Hub/Editor/2020.3.8f1/Editor/Data/MonoBleedingEdge/etc'
Using monoOptions --debugger-agent=transport=dt_socket,embedding=1,server=y,suspend=n,address=127.0.0.1:56064
Begin MonoManager ReloadAssembly
Registering precompiled unity dll's ...
Register platform support module: C:/Program Files/Unity/Hub/Editor/2020.3.8f1/Editor/Data/PlaybackEngines/WebGLSupport/UnityEditor.WebGL.Extensions.dll
Register platform support module: C:/Program Files/Unity/Hub/Editor/2020.3.8f1/Editor/Data/PlaybackEngines/WindowsStandaloneSupport/UnityEditor.WindowsStandalone.Extensions.dll
Registered in 0.002005 seconds.
Native extension for WindowsStandalone target not found
Native extension for WebGL target not found
Refreshing native plugins compatible for Editor in 20.89 ms, found 0 plugins.
Preloading 0 native plugins for Editor in 0.00 ms.
Mono: successfully reloaded assembly
- Completed reload, in  1.586 seconds
Platform modules already initialized, skipping
Registering precompiled user dll's ...
Registered in 0.000509 seconds.
Begin MonoManager ReloadAssembly
Native extension for WindowsStandalone target not found
Native extension for WebGL target not found
Refreshing native plugins compatible for Editor in 0.20 ms, found 0 plugins.
Preloading 0 native plugins for Editor in 0.00 ms.
Mono: successfully reloaded assembly
- Completed reload, in  0.692 seconds
Platform modules already initialized, skipping
========================================================================
Worker process is ready to serve import requests
Launched and connected shader compiler UnityShaderCompiler.exe after 0.05 seconds
Refreshing native plugins compatible for Editor in 0.23 ms, found 0 plugins.
Preloading 0 native plugins for Editor in 0.00 ms.
Unloading 1115 Unused Serialized files (Serialized files now loaded: 0)
System memory in use before: 57.1 MB.
System memory in use after: 57.2 MB.

Unloading 10 unused Assets to reduce memory usage. Loaded Objects now: 1557.
Total: 1.399000 ms (FindLiveObjects: 0.102900 ms CreateObjectMapping: 0.024300 ms MarkObjects: 1.199400 ms  DeleteObjects: 0.071300 ms)

========================================================================
Received Import Request.
  path: Assets/Scripts
  artifactKey: Guid(5611d02580e288548be8338ac7fd0081) Importer(815301076,1909f56bfc062723c751e8b465ee728b)
Start importing Assets/Scripts using Guid(5611d02580e288548be8338ac7fd0081) Importer(815301076,1909f56bfc062723c751e8b465ee728b)  -> (artifact id: 'edb32e30ee000a61deab7c77be55400e') in 0.006724 seconds
  Import took 0.009257 seconds .

========================================================================
Received Import Request.
  Time since last request: 6.336727 seconds.
  path: Assets/Animations
  artifactKey: Guid(35a9beb2380638746badf9b9b0181573) Importer(815301076,1909f56bfc062723c751e8b465ee728b)
Start importing Assets/Animations using Guid(35a9beb2380638746badf9b9b0181573) Importer(815301076,1909f56bfc062723c751e8b465ee728b)  -> (artifact id: 'd218d68230611f8add1bff593078e864') in 0.005274 seconds
  Import took 0.007623 seconds .

========================================================================
Received Import Request.
  Time since last request: 8.073333 seconds.
  path: Assets/Materials
  artifactKey: Guid(b1a7de0bae7e345459598a6e12154242) Importer(815301076,1909f56bfc062723c751e8b465ee728b)
Start importing Assets/Materials using Guid(b1a7de0bae7e345459598a6e12154242) Importer(815301076,1909f56bfc062723c751e8b465ee728b)  -> (artifact id: 'c5ffab03d6a64765cf4b8fb48bed9e90') in 0.006022 seconds
  Import took 0.086089 seconds .

========================================================================
Received Import Request.
  Time since last request: 8.448311 seconds.
  path: Assets/ArtWork
  artifactKey: Guid(614b2a2e1fd712b44a741f89ac8b26bc) Importer(815301076,1909f56bfc062723c751e8b465ee728b)
Start importing Assets/ArtWork using Guid(614b2a2e1fd712b44a741f89ac8b26bc) Importer(815301076,1909f56bfc062723c751e8b465ee728b)  -> (artifact id: '2c410a7b233dbe2add90640fcc324cb5') in 0.006048 seconds
  Import took 0.190544 seconds .

========================================================================
Received Import Request.
  Time since last request: 12.919014 seconds.
  path: Assets/Audio
  artifactKey: Guid(b204a9b170531434a8693721fe9fd645) Importer(815301076,1909f56bfc062723c751e8b465ee728b)
Start importing Assets/Audio using Guid(b204a9b170531434a8693721fe9fd645) Importer(815301076,1909f56bfc062723c751e8b465ee728b)  -> (artifact id: '42fa6bc7fb9e934200137efb3853f177') in 0.005251 seconds
  Import took 0.006984 seconds .

========================================================================
Received Prepare
Registering precompiled user dll's ...
Registered in 0.000479 seconds.
Begin MonoManager ReloadAssembly
Native extension for WindowsStandalone target not found
Native extension for WebGL target not found
Refreshing native plugins compatible for Editor in 0.24 ms, found 0 plugins.
Preloading 0 native plugins for Editor in 0.00 ms.
Invalid AssetDatabase path: /Editor/EditorResources/cm_logo_sm.png. Use path relative to the project folder.
UnityEngine.StackTraceUtility:ExtractStackTrace ()
UnityEditor.AssetDatabase:LoadAssetAtPath<UnityEngine.Texture2D> (string)
Cinemachine.Editor.CinemachineSettings:get_CinemachineLogoTexture () (at Library/PackageCache/com.unity.cinemachine@2.6.5/Editor/Windows/CinemachineSettings.cs:205)
Cinemachine.Editor.CinemachineSettings:.cctor () (at Library/PackageCache/com.unity.cinemachine@2.6.5/Editor/Windows/CinemachineSettings.cs:237)
Cinemachine.CinemachineColliderPrefs:.cctor () (at Library/PackageCache/com.unity.cinemachine@2.6.5/Editor/Windows/CinemachineColliderPrefs.cs:61)
System.Runtime.CompilerServices.RuntimeHelpers:RunClassConstructor (System.RuntimeTypeHandle)
UnityEditor.EditorAssemblies:ProcessInitializeOnLoadAttributes (System.Type[])

[Library/PackageCache/com.unity.cinemachine@2.6.5/Editor/Windows/CinemachineSettings.cs line 205]

Mono: successfully reloaded assembly
- Completed reload, in  0.667 seconds
Platform modules already initialized, skipping
Refreshing native plugins compatible for Editor in 0.21 ms, found 0 plugins.
Preloading 0 native plugins for Editor in 0.00 ms.
Unloading 1269 Unused Serialized files (Serialized files now loaded: 0)
System memory in use before: 64.0 MB.
System memory in use after: 63.4 MB.

Unloading 19 unused Assets to reduce memory usage. Loaded Objects now: 1705.
Total: 1.717100 ms (FindLiveObjects: 0.114200 ms CreateObjectMapping: 0.035400 ms MarkObjects: 1.294900 ms  DeleteObjects: 0.271500 ms)

========================================================================
Received Import Request.
  Time since last request: 356.879923 seconds.
  path: Assets/Scenes/SampleScene.unity
  artifactKey: Guid(9fc0d4010bbf28b4594072e72b8655ab) Importer(815301076,1909f56bfc062723c751e8b465ee728b)
Start importing Assets/Scenes/SampleScene.unity using Guid(9fc0d4010bbf28b4594072e72b8655ab) Importer(815301076,1909f56bfc062723c751e8b465ee728b)  -> (artifact id: '85059f4f9e1a832ed95adaa0d25c5c4c') in 0.014030 seconds
  Import took 0.015980 seconds .

========================================================================
Received Import Request.
  Time since last request: 17.286181 seconds.
  path: Assets/Scenes/MainMenu.unity
  artifactKey: Guid(9fc0d4010bbf28b4594072e72b8655ab) Importer(815301076,1909f56bfc062723c751e8b465ee728b)
Start importing Assets/Scenes/MainMenu.unity using Guid(9fc0d4010bbf28b4594072e72b8655ab) Importer(815301076,1909f56bfc062723c751e8b465ee728b)  -> (artifact id: 'a8ed6b15088df44a7dd5249bbcc6d548') in 0.006531 seconds
  Import took 0.008560 seconds .

========================================================================
Received Import Request.
  Time since last request: 1.434134 seconds.
  path: Assets/Scenes
  artifactKey: Guid(b64c546f3b4d53542951f901308ffd0a) Importer(815301076,1909f56bfc062723c751e8b465ee728b)
Start importing Assets/Scenes using Guid(b64c546f3b4d53542951f901308ffd0a) Importer(815301076,1909f56bfc062723c751e8b465ee728b)  -> (artifact id: '0b9696b6f95552409116c28dc2bc3274') in 0.005248 seconds
  Import took 0.007109 seconds .

AssetImportWorkerClient::OnTransportError - code=2 error=End of file
