Using pre-set license
Built from '2020.3/staging' branch; Version is '2020.3.8f1 (507919d4fff5) revision 5273881'; Using compiler version '192528614'; Build Type 'Release'
OS: 'Windows 10 Home; OS build 19041.985; Version 2004; 64bit' Language: 'en' Physical Memory: 16313 MB
BatchMode: 1, IsHumanControllingUs: 0, StartBugReporterOnCrash: 0, Is64bit: 1, IsPro: 0

 COMMAND LINE ARGUMENTS:
C:\Program Files\Unity\Hub\Editor\2020.3.8f1\Editor\Unity.exe
-adb2
-batchMode
-noUpm
-name
AssetImportWorker0
-projectPath
D:/Summer2021Games/Project2/MobileGame
-logFile
Logs/AssetImportWorker0.log
-srvPort
60302
Successfully changed project path to: D:/Summer2021Games/Project2/MobileGame
D:/Summer2021Games/Project2/MobileGame
Using Asset Import Pipeline V2.
Refreshing native plugins compatible for Editor in 23.18 ms, found 0 plugins.
Preloading 0 native plugins for Editor in 0.00 ms.
Initialize engine version: 2020.3.8f1 (507919d4fff5)
[Subsystems] Discovering subsystems at path C:/Program Files/Unity/Hub/Editor/2020.3.8f1/Editor/Data/Resources/UnitySubsystems
[Subsystems] Discovering subsystems at path D:/Summer2021Games/Project2/MobileGame/Assets
GfxDevice: creating device client; threaded=0
Direct3D:
    Version:  Direct3D 11.0 [level 11.1]
    Renderer: NVIDIA GeForce RTX 2070 (ID=0x1f02)
    Vendor:   
    VRAM:     8031 MB
    Driver:   27.21.14.6647
Initialize mono
Mono path[0] = 'C:/Program Files/Unity/Hub/Editor/2020.3.8f1/Editor/Data/Managed'
Mono path[1] = 'C:/Program Files/Unity/Hub/Editor/2020.3.8f1/Editor/Data/MonoBleedingEdge/lib/mono/unityjit'
Mono config path = 'C:/Program Files/Unity/Hub/Editor/2020.3.8f1/Editor/Data/MonoBleedingEdge/etc'
Using monoOptions --debugger-agent=transport=dt_socket,embedding=1,server=y,suspend=n,address=127.0.0.1:56772
Begin MonoManager ReloadAssembly
Registering precompiled unity dll's ...
Register platform support module: C:/Program Files/Unity/Hub/Editor/2020.3.8f1/Editor/Data/PlaybackEngines/WebGLSupport/UnityEditor.WebGL.Extensions.dll
Register platform support module: C:/Program Files/Unity/Hub/Editor/2020.3.8f1/Editor/Data/PlaybackEngines/WindowsStandaloneSupport/UnityEditor.WindowsStandalone.Extensions.dll
Registered in 0.002236 seconds.
Native extension for WindowsStandalone target not found
Native extension for WebGL target not found
Refreshing native plugins compatible for Editor in 25.36 ms, found 0 plugins.
Preloading 0 native plugins for Editor in 0.00 ms.
Mono: successfully reloaded assembly
- Completed reload, in  1.647 seconds
Platform modules already initialized, skipping
Registering precompiled user dll's ...
Registered in 0.000364 seconds.
Begin MonoManager ReloadAssembly
Native extension for WindowsStandalone target not found
Native extension for WebGL target not found
Refreshing native plugins compatible for Editor in 0.22 ms, found 0 plugins.
Preloading 0 native plugins for Editor in 0.00 ms.
Mono: successfully reloaded assembly
- Completed reload, in  0.715 seconds
Platform modules already initialized, skipping
========================================================================
Worker process is ready to serve import requests
Launched and connected shader compiler UnityShaderCompiler.exe after 0.04 seconds
Refreshing native plugins compatible for Editor in 0.21 ms, found 0 plugins.
Preloading 0 native plugins for Editor in 0.00 ms.
Unloading 1276 Unused Serialized files (Serialized files now loaded: 0)
System memory in use before: 64.2 MB.
System memory in use after: 64.3 MB.

Unloading 11 unused Assets to reduce memory usage. Loaded Objects now: 1717.
Total: 1.475400 ms (FindLiveObjects: 0.146800 ms CreateObjectMapping: 0.033500 ms MarkObjects: 1.227500 ms  DeleteObjects: 0.066400 ms)

========================================================================
Received Import Request.
  path: Assets/ArtWork/ButtonLayout.png
  artifactKey: Guid(3f827ba5cc8a9af43ac89ede5ff8ae73) Importer(815301076,1909f56bfc062723c751e8b465ee728b)
Start importing Assets/ArtWork/ButtonLayout.png using Guid(3f827ba5cc8a9af43ac89ede5ff8ae73) Importer(815301076,1909f56bfc062723c751e8b465ee728b)  -> (artifact id: 'e20510e425fd883d557596f2f2d93234') in 0.111304 seconds
  Import took 0.113269 seconds .

========================================================================
Received Import Request.
  Time since last request: 732.071731 seconds.
  path: Assets/ArtWork/Materials/ButtonLayout.mat
  artifactKey: Guid(27957ff3024209a479918321130604db) Importer(815301076,1909f56bfc062723c751e8b465ee728b)
Start importing Assets/ArtWork/Materials/ButtonLayout.mat using Guid(27957ff3024209a479918321130604db) Importer(815301076,1909f56bfc062723c751e8b465ee728b)  -> (artifact id: 'ac2a7834fb920d8a92b861d604ed58c2') in 0.079747 seconds
  Import took 0.081991 seconds .

========================================================================
Received Import Request.
  Time since last request: 143.916677 seconds.
  path: Assets/ArtWork/ButtonLayout.png
  artifactKey: Guid(3f827ba5cc8a9af43ac89ede5ff8ae73) Importer(815301076,1909f56bfc062723c751e8b465ee728b)
Start importing Assets/ArtWork/ButtonLayout.png using Guid(3f827ba5cc8a9af43ac89ede5ff8ae73) Importer(815301076,1909f56bfc062723c751e8b465ee728b)  -> (artifact id: '48555fe7a828aa70da228d301df37076') in 0.028604 seconds
  Import took 0.030897 seconds .

========================================================================
Received Import Request.
  Time since last request: 211.648026 seconds.
  path: Assets/ArtWork/ButtonLayout.png
  artifactKey: Guid(3f827ba5cc8a9af43ac89ede5ff8ae73) Importer(815301076,1909f56bfc062723c751e8b465ee728b)
Start importing Assets/ArtWork/ButtonLayout.png using Guid(3f827ba5cc8a9af43ac89ede5ff8ae73) Importer(815301076,1909f56bfc062723c751e8b465ee728b)  -> (artifact id: 'b8f57b4086049940af8d50d9c587665e') in 0.018439 seconds
  Import took 0.020566 seconds .

========================================================================
Received Import Request.
  Time since last request: 11.899449 seconds.
  path: Assets/ArtWork/ButtonLayout.png
  artifactKey: Guid(3f827ba5cc8a9af43ac89ede5ff8ae73) Importer(815301076,1909f56bfc062723c751e8b465ee728b)
Start importing Assets/ArtWork/ButtonLayout.png using Guid(3f827ba5cc8a9af43ac89ede5ff8ae73) Importer(815301076,1909f56bfc062723c751e8b465ee728b)  -> (artifact id: '2f695243e0d4fa9210e1dc1cdb153882') in 0.022466 seconds
  Import took 0.025574 seconds .

========================================================================
Received Import Request.
  Time since last request: 0.004037 seconds.
  path: Assets/ArtWork/ButtonLayout.png
  artifactKey: Guid(3f827ba5cc8a9af43ac89ede5ff8ae73) Importer(815301076,1909f56bfc062723c751e8b465ee728b)
Start importing Assets/ArtWork/ButtonLayout.png using Guid(3f827ba5cc8a9af43ac89ede5ff8ae73) Importer(815301076,1909f56bfc062723c751e8b465ee728b)  -> (artifact id: '2f695243e0d4fa9210e1dc1cdb153882') in 0.014262 seconds
  Import took 0.017448 seconds .

AssetImportWorkerClient::OnTransportError - code=2 error=End of file
